<?xml version="1.0" encoding="UTF-8"?>
<!-- Generated by org.testng.reporters.JUnitReportReporter -->
<testsuite hostname="DESKTOP-8RBFSP4" failures="0" tests="1" name="com.ninja.register.Tc2" time="12.622" errors="0" timestamp="2025-07-19T15:54:41 IST" skipped="0">
  <testcase classname="com.ninja.register.Tc2" name="VerifyRegisterall" time="12.622"/>
</testsuite> <!-- com.ninja.register.Tc2 -->
