<?xml version="1.0" encoding="UTF-8"?>
<!-- Generated by org.testng.reporters.JUnitReportReporter -->
<testsuite hostname="DESKTOP-8RBFSP4" failures="0" tests="1" name="com.ninja.register.TC007" time="3.040" errors="0" timestamp="2025-07-21T17:52:52 IST" skipped="0">
  <testcase classname="com.ninja.register.TC007" name="wrongpasswordmatch" time="3.040"/>
</testsuite> <!-- com.ninja.register.TC007 -->
