<?xml version="1.0" encoding="UTF-8"?>
<!-- Generated by org.testng.reporters.JUnitReportReporter -->
<testsuite hostname="DESKTOP-8RBFSP4" failures="0" tests="1" name="com.ninja.login.Tcl001" time="2.545" errors="0" timestamp="2025-07-22T16:33:36 IST" skipped="0">
  <testcase classname="com.ninja.login.Tcl001" name="verfiywithvalidcrednetials" time="2.545"/>
</testsuite> <!-- com.ninja.login.Tcl001 -->
