<?xml version="1.0" encoding="UTF-8"?>
<!-- Generated by org.testng.reporters.JUnitReportReporter -->
<testsuite hostname="DESKTOP-8RBFSP4" failures="0" tests="1" name="com.ninja.login.TCL004" time="5.380" errors="0" timestamp="2025-07-23T17:22:45 IST" skipped="0">
  <testcase classname="com.ninja.login.TCL004" name="verifywithNOCREDENTAILS" time="5.380"/>
</testsuite> <!-- com.ninja.login.TCL004 -->
