<?xml version="1.0" encoding="UTF-8"?>
<!-- Generated by org.testng.reporters.JUnitReportReporter -->
<testsuite hostname="DESKTOP-8RBFSP4" failures="0" tests="1" name="com.ninja.register.Tcr_004" time="16.717" errors="0" timestamp="2025-07-21T17:11:55 IST" skipped="0">
  <testcase classname="com.ninja.register.Tcr_004" name="verifyregisterwithoutdetails" time="16.717"/>
</testsuite> <!-- com.ninja.register.Tcr_004 -->
