<?xml version="1.0" encoding="UTF-8"?>
<!-- Generated by org.testng.reporters.JUnitReportReporter -->
<testsuite hostname="DESKTOP-8RBFSP4" failures="0" tests="1" name="com.ninja.register.TC_006" time="1.924" errors="0" timestamp="2025-07-23T17:22:45 IST" skipped="0">
  <testcase classname="com.ninja.register.TC_006" name="verifyregisterwithnonewsletter" time="1.924"/>
</testsuite> <!-- com.ninja.register.TC_006 -->
