<?xml version="1.0" encoding="UTF-8"?>
<!-- Generated by org.testng.reporters.JUnitReportReporter -->
<testsuite hostname="DESKTOP-8RBFSP4" failures="0" tests="1" name="com.ninja.register.Tc1" time="3.454" errors="0" timestamp="2025-07-19T15:45:08 IST" skipped="0">
  <testcase classname="com.ninja.register.Tc1" name="VerifyRegister" time="3.454"/>
</testsuite> <!-- com.ninja.register.Tc1 -->
