<?xml version="1.0" encoding="UTF-8"?>
<!-- Generated by org.testng.reporters.JUnitReportReporter -->
<testsuite hostname="DESKTOP-8RBFSP4" failures="0" tests="1" name="com.ninja.register.VerifyRegisteronlymandatoryfileds" time="3.652" errors="0" timestamp="2025-07-19T15:34:43 IST" skipped="0">
  <testcase classname="com.ninja.register.VerifyRegisteronlymandatoryfileds" name="VerifyRegister" time="3.652"/>
</testsuite> <!-- com.ninja.register.VerifyRegisteronlymandatoryfileds -->
