<?xml version="1.0" encoding="UTF-8"?>
<!-- Generated by org.testng.reporters.JUnitReportReporter -->
<testsuite hostname="DESKTOP-8RBFSP4" failures="0" tests="1" name="com.ninja.login.TCL003" time="3.027" errors="0" timestamp="2025-07-22T16:46:58 IST" skipped="0">
  <testcase classname="com.ninja.login.TCL003" name="verifywithinvalidemail" time="3.027"/>
</testsuite> <!-- com.ninja.login.TCL003 -->
