<?xml version="1.0" encoding="UTF-8"?>
<!-- Generated by org.testng.reporters.JUnitReportReporter -->
<testsuite hostname="DESKTOP-8RBFSP4" failures="0" tests="1" name="com.ninja.login.TCL002" time="5.397" errors="0" timestamp="2025-07-23T18:08:18 IST" skipped="0">
  <testcase classname="com.ninja.login.TCL002" name="verifywithinvalidpassword" time="5.397"/>
</testsuite> <!-- com.ninja.login.TCL002 -->
