<?xml version="1.0" encoding="UTF-8"?>
<!-- Generated by org.testng.reporters.JUnitReportReporter -->
<testsuite hostname="DESKTOP-8RBFSP4" failures="0" tests="1" name="com.ninja.register.Tc008" time="3.477" errors="0" timestamp="2025-07-22T10:15:46 IST" skipped="0">
  <testcase classname="com.ninja.register.Tc008" name="verifyexistingemail" time="3.477"/>
</testsuite> <!-- com.ninja.register.Tc008 -->
