<?xml version="1.0" encoding="UTF-8"?>
<!-- Generated by org.testng.reporters.JUnitReportReporter -->
<testsuite hostname="DESKTOP-8RBFSP4" failures="0" tests="1" name="com.ninja.register.TC_005" time="2.480" errors="0" timestamp="2025-07-23T18:08:18 IST" skipped="0">
  <testcase classname="com.ninja.register.TC_005" name="verifyregisterwithnewsletter" time="2.480"/>
</testsuite> <!-- com.ninja.register.TC_005 -->
