<?xml version="1.0" encoding="UTF-8"?>
<!-- Generated by org.testng.reporters.JUnitReportReporter -->
<testsuite hostname="DESKTOP-8RBFSP4" failures="0" tests="1" name="com.ninja.register.Tc008" time="5.803" errors="0" timestamp="2025-07-23T17:22:45 IST" skipped="0">
  <testcase classname="com.ninja.register.Tc008" name="verifyexistingemail" time="5.803"/>
</testsuite> <!-- com.ninja.register.Tc008 -->
