<?xml version="1.0" encoding="UTF-8"?>
<!-- Generated by org.testng.reporters.JUnitReportReporter -->
<testsuite hostname="DESKTOP-8RBFSP4" failures="0" tests="1" name="com.ninja.register.TC_006" time="3.164" errors="0" timestamp="2025-07-21T17:43:11 IST" skipped="0">
  <testcase classname="com.ninja.register.TC_006" name="verifyregisterwithnonewsletter" time="3.164"/>
</testsuite> <!-- com.ninja.register.TC_006 -->
